make all --print-data-base --no-builtin-variables --no-builtin-rules --question
# GNU Make 4.3
# Built for x86_64-pc-linux-gnu
# Copyright (C) 1988-2020 Free Software Foundation, Inc.
# License GPLv3+: GNU GPL version 3 or later <http://gnu.org/licenses/gpl.html>
# This is free software: you are free to change and redistribute it.
# There is NO WARRANTY, to the extent permitted by law.

# Make data base, printed on Tue Aug 23 20:19:36 2022

# Variables

# makefile (from 'Makefile', line 33)
OBJ = $(addprefix $(OBJ_PATH), $(OBJ_NAME))
# environment
LC_ALL = C
# makefile (from 'Makefile', line 32)
SRC = $(addprefix $(SRC_PATH), $(SRC_NAME))
# makefile (from 'Makefile', line 15)
SRC_PATH = ./srcs/
# environment
VSCODE_CWD = /home/ede-alme
# default
MAKE_COMMAND := make
# environment
VSCODE_HANDLES_SIGPIPE = true
# automatic
@D = $(patsubst %/,%,$(dir $@))
# environment
VSCODE_HANDLES_UNCAUGHT_ERRORS = true
# default
.VARIABLES := 
# environment
PWD = /home/ede-alme/42_Lisboa/Minishell
# automatic
%D = $(patsubst %/,%,$(dir $%))
# automatic
^D = $(patsubst %/,%,$(dir $^))
# automatic
%F = $(notdir $%)
# environment
LANG = C
# default
.LOADED := 
# default
.INCLUDE_DIRS = /usr/local/include /usr/include /usr/include
# makefile (from 'Makefile', line 16)
SRC_PATH_TERM = ./srcs/terminal/
# makefile
MAKEFLAGS = pqrR
# makefile
CURDIR := /home/ede-alme/42_Lisboa/Minishell
# environment
APPLICATION_INSIGHTS_NO_DIAGNOSTIC_CHANNEL = true
# automatic
*D = $(patsubst %/,%,$(dir $*))
# makefile (from 'Makefile', line 19)
INC_PATH = ./includes/
# environment
MFLAGS = -pqrR
# default
.SHELLFLAGS := -c
# automatic
+D = $(patsubst %/,%,$(dir $+))
# makefile (from 'Makefile', line 17)
SRC_PATH_STRING = ./srcs/string/
# makefile (from 'Makefile', line 1)
MAKEFILE_LIST := Makefile
# automatic
@F = $(notdir $@)
# makefile (from 'Makefile', line 21)
SRC_NAME = main.c ft_string.c ft_string_2.c ft_string_4.c ft_string_3.c create_terminal.c terminal_methods.c commands_1.c 
# environment
XDG_SESSION_TYPE = tty
# automatic
?D = $(patsubst %/,%,$(dir $?))
# automatic
*F = $(notdir $*)
# automatic
<D = $(patsubst %/,%,$(dir $<))
# environment
VSCODE_NLS_CONFIG = {"locale":"en","availableLanguages":{}}
# default
MAKE_HOST := x86_64-pc-linux-gnu
# makefile
SHELL = /bin/sh
# default
MAKECMDGOALS := all
# environment
SHLVL = 1
# environment
MAKELEVEL := 0
# default
MAKE = $(MAKE_COMMAND)
# makefile (from 'Makefile', line 18)
OBJ_PATH = ./objs/
# environment
PATH = /home/ede-alme/.vscode-server/bin/3b889b090b5ad5793f524b5d1d39fda662b96a2a/bin/remote-cli:/home/ede-alme/.local/bin:/usr/local/bin:/usr/bin:/bin:/usr/local/games:/usr/games
# default
MAKEFILES := 
# environment
MOTD_SHOWN = pam
# automatic
^F = $(notdir $^)
# environment
SSH_CLIENT = 213.30.23.21 50396 42
# automatic
?F = $(notdir $?)
# makefile (from 'Makefile', line 13)
NAME = minishell
# makefile (from 'Makefile', line 30)
OBJ_NAME = $(SRC_NAME:.c=.o)
# environment
LS_COLORS = 
# automatic
+F = $(notdir $+)
# 'override' directive
GNUMAKEFLAGS := 
# environment
BROWSER = /home/ede-alme/.vscode-server/bin/3b889b090b5ad5793f524b5d1d39fda662b96a2a/bin/helpers/browser.sh
# environment
LOGNAME = ede-alme
# makefile
.DEFAULT_GOAL := minishell
# environment
USER = ede-alme
# default
MAKE_VERSION := 4.3
# environment
VSCODE_AGENT_FOLDER = /home/ede-alme/.vscode-server
# environment
_ = /home/ede-alme/.vscode-server/bin/3b889b090b5ad5793f524b5d1d39fda662b96a2a/node
# environment
XDG_RUNTIME_DIR = /run/user/1001
# makefile (from 'Makefile', line 36)
CFLAGS = -g -lreadline 
# environment
VSCODE_IPC_HOOK_CLI = /run/user/1001/vscode-ipc-34c122c6-7b7d-42e0-9ecf-17e9f4e50fed.sock
# environment
XDG_SESSION_CLASS = user
# environment
VSCODE_AMD_ENTRYPOINT = vs/workbench/api/node/extensionHostProcess
# environment
HOME = /home/ede-alme
# environment
ELECTRON_RUN_AS_NODE = 1
# environment
XDG_SESSION_ID = 317
# default
.RECIPEPREFIX := 
# automatic
<F = $(notdir $<)
# default
SUFFIXES := 
# default
.FEATURES := target-specific order-only second-expansion else-if shortest-stem undefine oneshell nocomment grouped-target extra-prereqs archives jobserver output-sync check-symlink load
# makefile (from 'Makefile', line 35)
CC = gcc
# environment
SSH_CONNECTION = 213.30.23.21 50396 51.210.107.35 42
# variable set hash-table stats:
# Load=74/1024=7%, Rehash=0, Collisions=2/119=2%

# Pattern-specific Variable Values

# No pattern-specific variable values.

# Directories

# . (device 2049, inode 524353): 14 files, no impossibilities.
# srcs (device 2049, inode 533978): 4 files, no impossibilities so far.

# 18 files, no impossibilities in 2 directories.

# Implicit Rules

objs/%.o: srcs/%.c
#  recipe to execute (from 'Makefile', line 39):
	@mkdir -p $(OBJ_PATH)
	$(CC) $(CFLAGS) -I $(INC_PATH) -o $@ -c $< -L/usr/local/lib -I/usr/local/include -lreadline

# 1 implicit rules, 0 (0.0%) terminal.
# Files

# Not a target:
objs/terminal_methods.o:
#  Implicit rule search has not been done.
#  Modification time never checked.
#  File has not been updated.

# Not a target:
objs/commands_1.o:
#  Implicit rule search has not been done.
#  Modification time never checked.
#  File has not been updated.

# Not a target:
objs/create_terminal.o:
#  Implicit rule search has not been done.
#  Modification time never checked.
#  File has not been updated.

minishell: objs/main.o objs/ft_string.o objs/ft_string_2.o objs/ft_string_4.o objs/ft_string_3.o objs/create_terminal.o objs/terminal_methods.o objs/commands_1.o
#  Implicit rule search has not been done.
#  Last modified 2022-08-23 20:16:38.687300409
#  File has been updated.
#  Needs to be updated (-q is set).
# variable set hash-table stats:
# Load=0/32=0%, Rehash=0, Collisions=0/7=0%
#  recipe to execute (from 'Makefile', line 43):
	$(CC) $(CFLAGS) $(OBJ) -o $@ -L/usr/local/lib -I/usr/local/include -lreadline

# Not a target:
Makefile:
#  Implicit rule search has been done.
#  Last modified 2022-08-23 20:19:01.595290593
#  File has been updated.
#  Successfully updated.

clean:
#  Phony target (prerequisite of .PHONY).
#  Implicit rule search has not been done.
#  File does not exist.
#  File has not been updated.
#  recipe to execute (from 'Makefile', line 48):
	rm -rf $(OBJ_PATH)

# Not a target:
objs/ft_string_3.o:
#  Implicit rule search has not been done.
#  Modification time never checked.
#  File has not been updated.

re: fclean all
#  Phony target (prerequisite of .PHONY).
#  Implicit rule search has not been done.
#  File does not exist.
#  File has not been updated.

objs/main.o: srcs/main.c
#  Implicit rule search has been done.
#  Implicit/static pattern stem: 'main'
#  Last modified 2022-08-23 20:16:38.679300409
#  File has been updated.
#  Needs to be updated (-q is set).
# automatic
# @ := objs/main.o
# automatic
# * := main
# automatic
# < := srcs/main.c
# automatic
# + := srcs/main.c
# automatic
# % := 
# automatic
# ^ := srcs/main.c
# automatic
# ? := srcs/main.c
# automatic
# | := 
# variable set hash-table stats:
# Load=8/32=25%, Rehash=0, Collisions=2/17=12%
#  recipe to execute (from 'Makefile', line 39):
	@mkdir -p $(OBJ_PATH)
	$(CC) $(CFLAGS) -I $(INC_PATH) -o $@ -c $< -L/usr/local/lib -I/usr/local/include -lreadline

# Not a target:
.DEFAULT:
#  Implicit rule search has not been done.
#  Modification time never checked.
#  File has not been updated.

# Not a target:
objs/ft_string_4.o:
#  Implicit rule search has not been done.
#  Modification time never checked.
#  File has not been updated.

all: minishell
#  Phony target (prerequisite of .PHONY).
 
#  Command line target.
#  Implicit rule search has not been done.
#  File does not exist.
#  File has been updated.
#  Needs to be updated (-q is set).
# variable set hash-table stats:
# Load=0/32=0%, Rehash=0, Collisions=0/7=0%

fclean: clean
#  Phony target (prerequisite of .PHONY).
#  Implicit rule search has not been done.
#  File does not exist.
#  File has not been updated.
#  recipe to execute (from 'Makefile', line 51):
	rm -rf $(NAME)

# Not a target:
objs/ft_string.o:
#  Implicit rule search has not been done.
#  Modification time never checked.
#  File has not been updated.

# Not a target:
objs/ft_string_2.o:
#  Implicit rule search has not been done.
#  Modification time never checked.
#  File has not been updated.

.PHONY: all clean fclean re
#  Implicit rule search has not been done.
#  Modification time never checked.
#  File has not been updated.

# Not a target:
srcs/main.c:
#  Implicit rule search has been done.
#  Last modified 2022-08-23 20:17:52.939295306
#  File has been updated.
#  Successfully updated.

# files hash-table stats:
# Load=18/1024=2%, Rehash=0, Collisions=0/48=0%
# VPATH Search Paths

# No 'vpath' search paths.

# No general ('VPATH' variable) search path.

# strcache buffers: 1 (0) / strings = 37 / storage = 393 B / avg = 10 B
# current buf: size = 8162 B / used = 393 B / count = 37 / avg = 10 B

# strcache performance: lookups = 61 / hit rate = 39%
# hash-table stats:
# Load=37/8192=0%, Rehash=0, Collisions=0/61=0%
# Finished Make data base on Tue Aug 23 20:19:36 2022

 
